<?xml version="1.0" encoding="UTF-8"?>
<testsuites name="Mocha Tests" time="4.006" tests="1" failures="2">
  <testsuite name="Root Suite" timestamp="2019-06-13T13:05:19" tests="0" failures="0" time="0">
  </testsuite>
  <testsuite name="DefaultTest" timestamp="2019-06-13T13:05:19" tests="1" file="/home/travis/shopware/custom/plugins/WirecardElasticEngine/Tests/Selenium/Payments/demo.js" failures="2" time="4.006">
    <testcase name="DefaultTest should go to nehalist.io and check the title" time="2.003" classname="should go to nehalist.io and check the title">
      <failure message="Timeout of 2000ms exceeded. For async tests and hooks, ensure &quot;done()&quot; is called; if returning a Promise, ensure it resolves. (/home/travis/shopware/custom/plugins/WirecardElasticEngine/Tests/Selenium/Payments/demo.js)" type="Error"><![CDATA[Error: Timeout of 2000ms exceeded. For async tests and hooks, ensure "done()" is called; if returning a Promise, ensure it resolves. (/home/travis/shopware/custom/plugins/WirecardElasticEngine/Tests/Selenium/Payments/demo.js)]]></failure>
    </testcase>
    <testcase name="DefaultTest &quot;after all&quot; hook" time="2.003" classname="&quot;after all&quot; hook">
      <failure message="Timeout of 2000ms exceeded. For async tests and hooks, ensure &quot;done()&quot; is called; if returning a Promise, ensure it resolves. (/home/travis/shopware/custom/plugins/WirecardElasticEngine/Tests/Selenium/Payments/demo.js)" type="Error"><![CDATA[Error: Timeout of 2000ms exceeded. For async tests and hooks, ensure "done()" is called; if returning a Promise, ensure it resolves. (/home/travis/shopware/custom/plugins/WirecardElasticEngine/Tests/Selenium/Payments/demo.js)]]></failure>
    </testcase>
  </testsuite>
</testsuites>