<?xml version="1.0" encoding="UTF-8"?>
<testsuites name="Mocha Tests" time="60.001" tests="1" failures="1">
  <testsuite name="Root Suite" timestamp="2019-06-14T10:26:52" tests="0" failures="0" time="0">
  </testsuite>
  <testsuite name="Guaranteed Invoice by Wirecard test" timestamp="2019-06-14T10:26:52" tests="1" file="/home/travis/shopware/custom/plugins/WirecardElasticEngine/Tests/Selenium/Payments/RatepayTest.js" failures="1" time="60.001">
    <testcase name="Guaranteed Invoice by Wirecard test should check the ratepay invoice process" time="60.001" classname="should check the ratepay invoice process">
      <failure message="Timeout of 60000ms exceeded. For async tests and hooks, ensure &quot;done()&quot; is called; if returning a Promise, ensure it resolves. (/home/travis/shopware/custom/plugins/WirecardElasticEngine/Tests/Selenium/Payments/RatepayTest.js)" type="Error"><![CDATA[Error: Timeout of 60000ms exceeded. For async tests and hooks, ensure "done()" is called; if returning a Promise, ensure it resolves. (/home/travis/shopware/custom/plugins/WirecardElasticEngine/Tests/Selenium/Payments/RatepayTest.js)]]></failure>
    </testcase>
  </testsuite>
</testsuites>