<?xml version="1.0" encoding="UTF-8"?>
<testsuites name="Mocha Tests" time="0.003" tests="4" failures="0" skipped="1">
  <testsuite name="Root Suite" timestamp="2019-06-13T12:58:03" tests="0" failures="0" time="0">
  </testsuite>
  <testsuite name="mocha-test #1" timestamp="2019-06-13T12:58:03" tests="2" file="/home/travis/shopware/custom/plugins/WirecardElasticEngine/Tests/Selenium/Payments/demo.js" failures="0" time="0.003">
    <testcase name="mocha-test #1 sample test #1.1" time="0.002" classname="sample test #1.1">
    </testcase>
    <testcase name="mocha-test #1 sample test #1.2" time="0.001" classname="sample test #1.2">
    </testcase>
  </testsuite>
  <testsuite name="mocha-test #2" timestamp="2019-06-13T12:58:03" tests="2" file="/home/travis/shopware/custom/plugins/WirecardElasticEngine/Tests/Selenium/Payments/demo.js" failures="0" time="0">
    <testcase name="mocha-test #2 sample test #2.1" time="0" classname="sample test #2.1">
    </testcase>
  </testsuite>
</testsuites>