<?xml version="1.0" encoding="UTF-8"?>
<testsuites name="Mocha Tests" time="4.005" tests="1" failures="2">
  <testsuite name="Root Suite" timestamp="2019-06-13T10:08:37" tests="0" failures="0" time="0">
  </testsuite>
  <testsuite name="Guaranteed Invoice by Wirecard test" timestamp="2019-06-13T10:08:37" tests="1" file="/home/travis/shopware/custom/plugins/WirecardElasticEngine/Tests/Selenium/Payments/RatepayTest.js" failures="2" time="4.005">
    <testcase name="Guaranteed Invoice by Wirecard test should check the ratepay invoice process" time="2.003" classname="should check the ratepay invoice process">
      <failure message="Timeout of 2000ms exceeded. For async tests and hooks, ensure &quot;done()&quot; is called; if returning a Promise, ensure it resolves. (/home/travis/shopware/custom/plugins/WirecardElasticEngine/Tests/Selenium/Payments/RatepayTest.js)" type="Error"><![CDATA[Error: Timeout of 2000ms exceeded. For async tests and hooks, ensure "done()" is called; if returning a Promise, ensure it resolves. (/home/travis/shopware/custom/plugins/WirecardElasticEngine/Tests/Selenium/Payments/RatepayTest.js)]]></failure>
    </testcase>
    <testcase name="Guaranteed Invoice by Wirecard test &quot;after all&quot; hook" time="2.002" classname="&quot;after all&quot; hook">
      <failure message="Timeout of 2000ms exceeded. For async tests and hooks, ensure &quot;done()&quot; is called; if returning a Promise, ensure it resolves. (/home/travis/shopware/custom/plugins/WirecardElasticEngine/Tests/Selenium/Payments/RatepayTest.js)" type="Error"><![CDATA[Error: Timeout of 2000ms exceeded. For async tests and hooks, ensure "done()" is called; if returning a Promise, ensure it resolves. (/home/travis/shopware/custom/plugins/WirecardElasticEngine/Tests/Selenium/Payments/RatepayTest.js)]]></failure>
    </testcase>
  </testsuite>
</testsuites>