<?xml version="1.0" encoding="UTF-8"?>
<testsuites name="Mocha Tests" time="57.947" tests="1" failures="1">
  <testsuite name="Root Suite" timestamp="2019-06-14T10:20:33" tests="0" failures="0" time="0">
  </testsuite>
  <testsuite name="Guaranteed Invoice by Wirecard test" timestamp="2019-06-14T10:20:33" tests="1" file="/home/travis/shopware/custom/plugins/WirecardElasticEngine/Tests/Selenium/Payments/RatepayTest.js" failures="1" time="57.947">
    <testcase name="Guaranteed Invoice by Wirecard test should check the ratepay invoice process" time="57.947" classname="should check the ratepay invoice process">
      <failure message="driver.find_elements_by_xpath is not a function" type="TypeError"><![CDATA[TypeError: driver.find_elements_by_xpath is not a function
    at Context.it (Tests/Selenium/Payments/RatepayTest.js:56:22)
    at <anonymous>
    at process._tickCallback (internal/process/next_tick.js:188:7)]]></failure>
    </testcase>
  </testsuite>
</testsuites>